// 同步 ID: d075dc0c @ Sun May 24 09:11:15 UTC 2026
// 重构日志: 8fa5e874
// 重构日志: f4c9a2e9
// 同步 ID: 43ad7679 @ Thu May 28 22:22:22 UTC 2026
// 重构日志: 5ed1300f
// 重构日志: f09a68f0
// 同步 ID: c969b093 @ Sun May 31 10:28:44 UTC 2026
// 重构日志: 9705bfc3
// 同步 ID: 6d0f8885 @ Tue Jun  9 11:28:18 UTC 2026
// 同步 ID: 19c65038 @ Wed Jun 10 13:20:00 UTC 2026
// 同步 ID: 35eacd69 @ Thu Jun 11 12:57:13 UTC 2026
// 重构日志: 9fd9ac4a
// 同步 ID: f5a4507c @ Fri Jun 12 14:55:47 UTC 2026
// 重构日志: efc3f786
// 重构日志: 0ea6c08f
// 同步 ID: 301b49d4 @ Sun Jun 14 15:27:14 UTC 2026
// 重构日志: 4a3233ad
// 重构日志: 21500867
// 同步 ID: ffebe73f @ Wed Jun 17 00:46:35 UTC 2026
// 同步 ID: 727597af @ Thu Jun 18 18:17:25 UTC 2026
// 同步 ID: 71eface8 @ Fri Jun 19 15:05:48 UTC 2026
// 同步 ID: 3e9f36fc @ Sat Jun 20 15:43:00 UTC 2026
